[debug] [2022-07-22T15:08:44.531Z] ----------------------------------------------------------------------
[debug] [2022-07-22T15:08:44.534Z] Command:       C:\Program Files\nodejs\node.exe C:\Users\HP\AppData\Roaming\npm\node_modules\firebase-tools\lib\bin\firebase.js init
[debug] [2022-07-22T15:08:44.535Z] CLI Version:   11.3.0
[debug] [2022-07-22T15:08:44.535Z] Platform:      win32
[debug] [2022-07-22T15:08:44.535Z] Node Version:  v16.13.2
[debug] [2022-07-22T15:08:44.537Z] Time:          Fri Jul 22 2022 20:38:44 GMT+0530 (India Standard Time)
[debug] [2022-07-22T15:08:44.538Z] ----------------------------------------------------------------------
[debug] 
[debug] [2022-07-22T15:08:44.553Z] > command requires scopes: ["email","openid","https://www.googleapis.com/auth/cloudplatformprojects.readonly","https://www.googleapis.com/auth/firebase","https://www.googleapis.com/auth/cloud-platform"]
[debug] [2022-07-22T15:08:44.554Z] > authorizing via signed-in user (aryaapurva728@gmail.com)
[info] 
     ######## #### ########  ######## ########     ###     ######  ########
     ##        ##  ##     ## ##       ##     ##  ##   ##  ##       ##
     ######    ##  ########  ######   ########  #########  ######  ######
     ##        ##  ##    ##  ##       ##     ## ##     ##       ## ##
     ##       #### ##     ## ######## ########  ##     ##  ######  ########

You're about to initialize a Firebase project in this directory:

  C:\Users\HP\Desktop\symphony

[info] 
=== Project Setup
[info] 
[info] First, let's associate this project directory with a Firebase project.
[info] You can create multiple project aliases by running firebase use --add, 
[info] but for now we'll just set up a default project.
[info] 
[debug] [2022-07-22T15:10:31.605Z] > refreshing access token with scopes: []
[debug] [2022-07-22T15:10:31.609Z] >>> [apiv2][query] POST https://www.googleapis.com/oauth2/v3/token [none]
[debug] [2022-07-22T15:10:31.609Z] >>> [apiv2][body] POST https://www.googleapis.com/oauth2/v3/token [omitted]
[debug] [2022-07-22T15:10:33.189Z] <<< [apiv2][status] POST https://www.googleapis.com/oauth2/v3/token 200
[debug] [2022-07-22T15:10:33.190Z] <<< [apiv2][body] POST https://www.googleapis.com/oauth2/v3/token [omitted]
[debug] [2022-07-22T15:10:33.221Z] >>> [apiv2][query] GET https://firebase.googleapis.com/v1beta1/projects pageSize=100
[debug] [2022-07-22T15:10:34.794Z] <<< [apiv2][status] GET https://firebase.googleapis.com/v1beta1/projects 200
[debug] [2022-07-22T15:10:34.794Z] <<< [apiv2][body] GET https://firebase.googleapis.com/v1beta1/projects [omitted]
[info] i  Using project symphony-8f431 (symphony) 
[info] 
=== Hosting Setup
[info] 
[info] Your public directory is the folder (relative to your project directory) that
[info] will contain Hosting assets to be uploaded with firebase deploy. If you
[info] have a build process for your assets, use your build's output directory.
[info] 
[info] +  Wrote public/404.html 
[debug] [2022-07-22T15:11:37.660Z] >>> [apiv2][query] GET https://www.gstatic.com/firebasejs/releases.json [none]
[debug] [2022-07-22T15:11:38.082Z] <<< [apiv2][status] GET https://www.gstatic.com/firebasejs/releases.json 200
[debug] [2022-07-22T15:11:38.082Z] <<< [apiv2][body] GET https://www.gstatic.com/firebasejs/releases.json {"current":{"version":"9.9.0","browserURL":"https://www.gstatic.com/firebasejs/9.9.0/firebase.js","packageURL":"https://www.gstatic.com/firebasejs/9.9.0/firebase.tgz"},"live":{"version":"9.9","browserURL":"https://www.gstatic.com/firebasejs/live/9.9/firebase.js","packageURL":"https://www.gstatic.com/firebasejs/live/9.9/firebase.tgz"},"components":{"analytics":"https://www.gstatic.com/firebasejs/9.9.0/firebase-analytics.js","app":"https://www.gstatic.com/firebasejs/9.9.0/firebase-app.js","app-check":"https://www.gstatic.com/firebasejs/9.9.0/firebase-app-check.js","auth":"https://www.gstatic.com/firebasejs/9.9.0/firebase-auth.js","auth/cordova":"https://www.gstatic.com/firebasejs/9.9.0/firebase-auth/cordova.js","auth/react-native":"https://www.gstatic.com/firebasejs/9.9.0/firebase-auth/react-native.js","functions":"https://www.gstatic.com/firebasejs/9.9.0/firebase-functions.js","firestore":"https://www.gstatic.com/firebasejs/9.9.0/firebase-firestore.js","firestore/lite":"https://www.gstatic.com/firebasejs/9.9.0/firebase-firestore/lite.js","installations":"https://www.gstatic.com/firebasejs/9.9.0/firebase-installations.js","storage":"https://www.gstatic.com/firebasejs/9.9.0/firebase-storage.js","performance":"https://www.gstatic.com/firebasejs/9.9.0/firebase-performance.js","remote-config":"https://www.gstatic.com/firebasejs/9.9.0/firebase-remote-config.js","messaging":"https://www.gstatic.com/firebasejs/9.9.0/firebase-messaging.js","messaging/sw":"https://www.gstatic.com/firebasejs/9.9.0/firebase-messaging/sw.js","database":"https://www.gstatic.com/firebasejs/9.9.0/firebase-database.js","firestore.memory":"https://www.gstatic.com/firebasejs/9.9.0/firebase-firestore.memory.js"}}
[info] +  Wrote public/index.html 
[info] 
[info] i  Didn't detect a .git folder. Assuming C:\Users\HP\Desktop\symphony is the project root. 
[info] i  Authorizing with GitHub to upload your service account to a GitHub repository's secrets store. 
[info] 
[info] Visit this URL on this device to log in:
[info] https://github.com/login/oauth/authorize?client_id=89cf50f02ac6aaed3484&state=346361412&redirect_uri=http%3A%2F%2Flocalhost%3A9005&scope=read%3Auser%20repo%20public_repo
[info] 
[info] Waiting for authentication...
[debug] [2022-07-22T15:12:27.262Z] >>> [apiv2][query] POST https://github.com/login/oauth/access_token [none]
[debug] [2022-07-22T15:12:27.262Z] >>> [apiv2][body] POST https://github.com/login/oauth/access_token [stream]
[debug] [2022-07-22T15:12:27.892Z] <<< [apiv2][status] POST https://github.com/login/oauth/access_token 200
[debug] [2022-07-22T15:12:27.893Z] <<< [apiv2][body] POST https://github.com/login/oauth/access_token {"access_token":"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","token_type":"bearer","scope":"read:user,repo"}
[debug] [2022-07-22T15:12:27.915Z] >>> [apiv2][query] GET https://api.github.com/user [none]
[debug] [2022-07-22T15:12:28.446Z] <<< [apiv2][status] GET https://api.github.com/user 200
[debug] [2022-07-22T15:12:28.446Z] <<< [apiv2][body] GET https://api.github.com/user {"login":"APURVA-ARYA","id":66211553,"node_id":"MDQ6VXNlcjY2MjExNTUz","avatar_url":"https://avatars.githubusercontent.com/u/66211553?v=4","gravatar_id":"","url":"https://api.github.com/users/APURVA-ARYA","html_url":"https://github.com/APURVA-ARYA","followers_url":"https://api.github.com/users/APURVA-ARYA/followers","following_url":"https://api.github.com/users/APURVA-ARYA/following{/other_user}","gists_url":"https://api.github.com/users/APURVA-ARYA/gists{/gist_id}","starred_url":"https://api.github.com/users/APURVA-ARYA/starred{/owner}{/repo}","subscriptions_url":"https://api.github.com/users/APURVA-ARYA/subscriptions","organizations_url":"https://api.github.com/users/APURVA-ARYA/orgs","repos_url":"https://api.github.com/users/APURVA-ARYA/repos","events_url":"https://api.github.com/users/APURVA-ARYA/events{/privacy}","received_events_url":"https://api.github.com/users/APURVA-ARYA/received_events","type":"User","site_admin":false,"name":null,"company":null,"blog":"","location":null,"email":null,"hireable":null,"bio":null,"twitter_username":null,"public_repos":30,"public_gists":0,"followers":2,"following":3,"created_at":"2020-05-31T14:41:56Z","updated_at":"2022-06-16T15:14:10Z","private_gists":0,"total_private_repos":9,"owned_private_repos":2,"disk_usage":41534,"collaborators":0,"two_factor_authentication":false,"plan":{"name":"free","space":976562499,"collaborators":0,"private_repos":10000}}
[info] 
[info] +  Success! Logged into GitHub as APURVA-ARYA 
[info] 
